0 info it worked if it ends with ok
1 verbose cli [ '/usr/bin/nodejs', '/usr/bin/npm', 'install', '-g', 'ldapjs' ]
2 info using npm@1.3.10
3 info using node@v0.10.25
4 verbose cache add [ 'ldapjs', null ]
5 verbose cache add name=undefined spec="ldapjs" args=["ldapjs",null]
6 verbose parsed url { protocol: null,
6 verbose parsed url   slashes: null,
6 verbose parsed url   auth: null,
6 verbose parsed url   host: null,
6 verbose parsed url   port: null,
6 verbose parsed url   hostname: null,
6 verbose parsed url   hash: null,
6 verbose parsed url   search: null,
6 verbose parsed url   query: null,
6 verbose parsed url   pathname: 'ldapjs',
6 verbose parsed url   path: 'ldapjs',
6 verbose parsed url   href: 'ldapjs' }
7 silly lockFile c5b1bf36-ldapjs ldapjs
8 verbose lock ldapjs /home/dev/.npm/c5b1bf36-ldapjs.lock
9 silly lockFile c5b1bf36-ldapjs ldapjs
10 silly lockFile c5b1bf36-ldapjs ldapjs
11 verbose addNamed [ 'ldapjs', '' ]
12 verbose addNamed [ null, '*' ]
13 silly lockFile 8c1a39b8-ldapjs ldapjs@
14 verbose lock ldapjs@ /home/dev/.npm/8c1a39b8-ldapjs.lock
15 silly addNameRange { name: 'ldapjs', range: '*', hasData: false }
16 verbose url raw ldapjs
17 verbose url resolving [ 'https://registry.npmjs.org/', './ldapjs' ]
18 verbose url resolved https://registry.npmjs.org/ldapjs
19 info trying registry request attempt 1 at 14:11:34
20 http GET https://registry.npmjs.org/ldapjs
21 http 200 https://registry.npmjs.org/ldapjs
22 silly registry.get cb [ 200,
22 silly registry.get   { date: 'Sun, 01 Jun 2014 19:11:35 GMT',
22 silly registry.get     server: 'CouchDB/1.5.0 (Erlang OTP/R16B)',
22 silly registry.get     etag: '"DFB3Z2PUVCU0K6K188ITIGP61"',
22 silly registry.get     'content-type': 'application/json',
22 silly registry.get     via: '1.1 varnish',
22 silly registry.get     'cache-control': 'max-age=1',
22 silly registry.get     'content-length': '65252',
22 silly registry.get     'accept-ranges': 'bytes',
22 silly registry.get     age: '236',
22 silly registry.get     'x-served-by': 'cache-v41-ASH, cache-c100-CHI',
22 silly registry.get     'x-cache': 'MISS, MISS',
22 silly registry.get     'x-cache-hits': '0, 0',
22 silly registry.get     'x-timer': 'S1401649894.899788,VS0,VE108',
22 silly registry.get     vary: 'Accept',
22 silly registry.get     'keep-alive': 'timeout=10, max=50',
22 silly registry.get     connection: 'Keep-Alive' } ]
23 silly addNameRange number 2 { name: 'ldapjs', range: '*', hasData: true }
24 silly addNameRange versions [ 'ldapjs',
24 silly addNameRange   [ '0.1.0',
24 silly addNameRange     '0.1.1',
24 silly addNameRange     '0.1.2',
24 silly addNameRange     '0.1.3',
24 silly addNameRange     '0.1.4',
24 silly addNameRange     '0.1.5',
24 silly addNameRange     '0.1.6',
24 silly addNameRange     '0.1.7',
24 silly addNameRange     '0.1.8',
24 silly addNameRange     '0.1.9',
24 silly addNameRange     '0.2.0',
24 silly addNameRange     '0.2.1',
24 silly addNameRange     '0.2.2',
24 silly addNameRange     '0.2.3',
24 silly addNameRange     '0.2.4',
24 silly addNameRange     '0.2.5',
24 silly addNameRange     '0.2.6',
24 silly addNameRange     '0.2.7',
24 silly addNameRange     '0.2.8',
24 silly addNameRange     '0.3.0',
24 silly addNameRange     '0.3.1',
24 silly addNameRange     '0.3.2',
24 silly addNameRange     '0.3.3',
24 silly addNameRange     '0.3.4',
24 silly addNameRange     '0.3.5',
24 silly addNameRange     '0.3.6',
24 silly addNameRange     '0.4.0',
24 silly addNameRange     '0.4.1',
24 silly addNameRange     '0.4.2',
24 silly addNameRange     '0.4.3',
24 silly addNameRange     '0.4.4',
24 silly addNameRange     '0.4.5',
24 silly addNameRange     '0.4.6',
24 silly addNameRange     '0.4.7',
24 silly addNameRange     '0.4.8',
24 silly addNameRange     '0.5.0',
24 silly addNameRange     '0.5.1',
24 silly addNameRange     '0.5.2',
24 silly addNameRange     '0.5.3',
24 silly addNameRange     '0.5.4',
24 silly addNameRange     '0.5.5',
24 silly addNameRange     '0.5.6',
24 silly addNameRange     '0.5.7',
24 silly addNameRange     '0.5.8',
24 silly addNameRange     '0.6.0',
24 silly addNameRange     '0.6.1',
24 silly addNameRange     '0.6.2',
24 silly addNameRange     '0.6.3',
24 silly addNameRange     '0.7.0',
24 silly addNameRange     '0.7.1' ] ]
25 verbose addNamed [ 'ldapjs', '0.7.1' ]
26 verbose addNamed [ '0.7.1', '0.7.1' ]
27 silly lockFile 5b6c9a8d-ldapjs-0-7-1 ldapjs@0.7.1
28 verbose lock ldapjs@0.7.1 /home/dev/.npm/5b6c9a8d-ldapjs-0-7-1.lock
29 silly lockFile e6720285-pmjs-org-ldapjs-ldapjs-0-7-1-tgz https://registry.npmjs.org/ldapjs/-/ldapjs-0.7.1.tgz
30 verbose lock https://registry.npmjs.org/ldapjs/-/ldapjs-0.7.1.tgz /home/dev/.npm/e6720285-pmjs-org-ldapjs-ldapjs-0-7-1-tgz.lock
31 verbose addRemoteTarball [ 'https://registry.npmjs.org/ldapjs/-/ldapjs-0.7.1.tgz',
31 verbose addRemoteTarball   '684798a687640bab1afbd802cf532f30492dfb56' ]
32 info retry fetch attempt 1 at 14:11:35
33 verbose fetch to= /home/dev/tmp/npm-1540-Kg_n_PGr/1401649895153-0.9384100972674787/tmp.tgz
34 http GET https://registry.npmjs.org/ldapjs/-/ldapjs-0.7.1.tgz
35 http 200 https://registry.npmjs.org/ldapjs/-/ldapjs-0.7.1.tgz
36 verbose tar unpack /home/dev/tmp/npm-1540-Kg_n_PGr/1401649895153-0.9384100972674787/tmp.tgz
37 silly lockFile 42bc7d0a-95153-0-9384100972674787-package tar:///home/dev/tmp/npm-1540-Kg_n_PGr/1401649895153-0.9384100972674787/package
38 verbose lock tar:///home/dev/tmp/npm-1540-Kg_n_PGr/1401649895153-0.9384100972674787/package /home/dev/.npm/42bc7d0a-95153-0-9384100972674787-package.lock
39 silly lockFile acf00c77-95153-0-9384100972674787-tmp-tgz tar:///home/dev/tmp/npm-1540-Kg_n_PGr/1401649895153-0.9384100972674787/tmp.tgz
40 verbose lock tar:///home/dev/tmp/npm-1540-Kg_n_PGr/1401649895153-0.9384100972674787/tmp.tgz /home/dev/.npm/acf00c77-95153-0-9384100972674787-tmp-tgz.lock
41 silly gunzTarPerm modes [ '755', '644' ]
42 silly gunzTarPerm extractEntry package.json
43 silly gunzTarPerm extractEntry .npmignore
44 silly gunzTarPerm extractEntry README.md
45 silly gunzTarPerm extractEntry LICENSE
46 silly gunzTarPerm extractEntry .dir-locals.el
47 silly gunzTarPerm extractEntry .travis.yml
48 silly gunzTarPerm extractEntry bin/ldapjs-add
49 silly gunzTarPerm extractEntry bin/ldapjs-compare
50 silly gunzTarPerm extractEntry bin/ldapjs-delete
51 silly gunzTarPerm extractEntry bin/ldapjs-modify
52 silly gunzTarPerm extractEntry bin/ldapjs-search
53 silly gunzTarPerm extractEntry examples/inmemory.js
54 silly gunzTarPerm extractEntry examples/pooled_client.js
55 silly gunzTarPerm extractEntry examples/snoopldap.d
56 silly gunzTarPerm extractEntry lib/attribute.js
57 silly gunzTarPerm extractEntry lib/server.js
58 silly gunzTarPerm extractEntry lib/protocol.js
59 silly gunzTarPerm extractEntry lib/dn.js
60 silly gunzTarPerm extractEntry lib/dtrace.js
61 silly gunzTarPerm extractEntry lib/persistent_search.js
62 silly gunzTarPerm extractEntry lib/change.js
63 silly gunzTarPerm extractEntry lib/index.js
64 silly gunzTarPerm extractEntry lib/url.js
65 silly gunzTarPerm extractEntry lib/messages/abandon_request.js
66 silly gunzTarPerm extractEntry lib/messages/del_response.js
67 silly gunzTarPerm extractEntry lib/messages/ext_request.js
68 silly gunzTarPerm extractEntry lib/messages/ext_response.js
69 silly gunzTarPerm extractEntry lib/messages/index.js
70 silly gunzTarPerm extractEntry lib/messages/del_request.js
71 silly gunzTarPerm extractEntry lib/messages/moddn_request.js
72 silly gunzTarPerm extractEntry lib/messages/moddn_response.js
73 silly gunzTarPerm extractEntry lib/messages/modify_request.js
74 silly gunzTarPerm extractEntry lib/messages/modify_response.js
75 silly gunzTarPerm extractEntry lib/messages/parser.js
76 silly gunzTarPerm extractEntry lib/messages/compare_response.js
77 silly gunzTarPerm extractEntry lib/messages/result.js
78 silly gunzTarPerm extractEntry lib/messages/compare_request.js
79 silly gunzTarPerm extractEntry lib/messages/search_entry.js
80 silly gunzTarPerm extractEntry lib/messages/bind_response.js
81 silly gunzTarPerm extractEntry lib/messages/search_reference.js
82 silly gunzTarPerm extractEntry lib/messages/bind_request.js
83 silly gunzTarPerm extractEntry lib/messages/search_request.js
84 silly gunzTarPerm extractEntry lib/messages/add_response.js
85 silly gunzTarPerm extractEntry lib/messages/search_response.js
86 silly gunzTarPerm extractEntry lib/messages/add_request.js
87 silly gunzTarPerm extractEntry lib/messages/unbind_request.js
88 silly gunzTarPerm extractEntry lib/messages/abandon_response.js
89 silly gunzTarPerm extractEntry lib/messages/unbind_response.js
90 silly gunzTarPerm extractEntry lib/messages/message.js
91 silly gunzTarPerm extractEntry lib/errors/index.js
92 silly gunzTarPerm extractEntry lib/controls/control.js
93 silly gunzTarPerm extractEntry lib/controls/entry_change_notification_control.js
94 silly gunzTarPerm extractEntry lib/controls/index.js
95 silly gunzTarPerm extractEntry lib/controls/paged_results_control.js
96 silly gunzTarPerm extractEntry lib/controls/persistent_search_control.js
97 silly gunzTarPerm extractEntry lib/client/client.js
98 silly gunzTarPerm extractEntry lib/client/index.js
99 silly gunzTarPerm extractEntry lib/client/pool.js
100 silly gunzTarPerm extractEntry lib/filters/and_filter.js
101 silly gunzTarPerm extractEntry lib/filters/escape.js
102 silly gunzTarPerm extractEntry lib/filters/ext_filter.js
103 silly gunzTarPerm extractEntry lib/filters/filter.js
104 silly gunzTarPerm extractEntry lib/filters/equality_filter.js
105 silly gunzTarPerm extractEntry lib/filters/index.js
106 silly gunzTarPerm extractEntry lib/filters/le_filter.js
107 silly gunzTarPerm extractEntry lib/filters/not_filter.js
108 silly gunzTarPerm extractEntry lib/filters/or_filter.js
109 silly gunzTarPerm extractEntry lib/filters/presence_filter.js
110 silly gunzTarPerm extractEntry lib/filters/approx_filter.js
111 silly gunzTarPerm extractEntry lib/filters/substr_filter.js
112 silly gunzTarPerm extractEntry lib/filters/ge_filter.js
113 silly lockFile 42bc7d0a-95153-0-9384100972674787-package tar:///home/dev/tmp/npm-1540-Kg_n_PGr/1401649895153-0.9384100972674787/package
114 silly lockFile 42bc7d0a-95153-0-9384100972674787-package tar:///home/dev/tmp/npm-1540-Kg_n_PGr/1401649895153-0.9384100972674787/package
115 silly lockFile acf00c77-95153-0-9384100972674787-tmp-tgz tar:///home/dev/tmp/npm-1540-Kg_n_PGr/1401649895153-0.9384100972674787/tmp.tgz
116 silly lockFile acf00c77-95153-0-9384100972674787-tmp-tgz tar:///home/dev/tmp/npm-1540-Kg_n_PGr/1401649895153-0.9384100972674787/tmp.tgz
117 verbose tar pack [ '/home/dev/.npm/ldapjs/0.7.1/package.tgz',
117 verbose tar pack   '/home/dev/tmp/npm-1540-Kg_n_PGr/1401649895153-0.9384100972674787/package' ]
118 verbose tarball /home/dev/.npm/ldapjs/0.7.1/package.tgz
119 verbose folder /home/dev/tmp/npm-1540-Kg_n_PGr/1401649895153-0.9384100972674787/package
120 silly lockFile 42bc7d0a-95153-0-9384100972674787-package tar:///home/dev/tmp/npm-1540-Kg_n_PGr/1401649895153-0.9384100972674787/package
121 verbose lock tar:///home/dev/tmp/npm-1540-Kg_n_PGr/1401649895153-0.9384100972674787/package /home/dev/.npm/42bc7d0a-95153-0-9384100972674787-package.lock
122 silly lockFile 53d314be-dev-npm-ldapjs-0-7-1-package-tgz tar:///home/dev/.npm/ldapjs/0.7.1/package.tgz
123 verbose lock tar:///home/dev/.npm/ldapjs/0.7.1/package.tgz /home/dev/.npm/53d314be-dev-npm-ldapjs-0-7-1-package-tgz.lock
124 silly lockFile 42bc7d0a-95153-0-9384100972674787-package tar:///home/dev/tmp/npm-1540-Kg_n_PGr/1401649895153-0.9384100972674787/package
125 silly lockFile 42bc7d0a-95153-0-9384100972674787-package tar:///home/dev/tmp/npm-1540-Kg_n_PGr/1401649895153-0.9384100972674787/package
126 silly lockFile 53d314be-dev-npm-ldapjs-0-7-1-package-tgz tar:///home/dev/.npm/ldapjs/0.7.1/package.tgz
127 silly lockFile 53d314be-dev-npm-ldapjs-0-7-1-package-tgz tar:///home/dev/.npm/ldapjs/0.7.1/package.tgz
128 silly lockFile cb980970-ome-dev-npm-ldapjs-0-7-1-package /home/dev/.npm/ldapjs/0.7.1/package
129 verbose lock /home/dev/.npm/ldapjs/0.7.1/package /home/dev/.npm/cb980970-ome-dev-npm-ldapjs-0-7-1-package.lock
130 silly lockFile cb980970-ome-dev-npm-ldapjs-0-7-1-package /home/dev/.npm/ldapjs/0.7.1/package
131 silly lockFile cb980970-ome-dev-npm-ldapjs-0-7-1-package /home/dev/.npm/ldapjs/0.7.1/package
132 verbose tar unpack /home/dev/.npm/ldapjs/0.7.1/package.tgz
133 silly lockFile 7e933ea6-ome-dev-npm-ldapjs-0-7-1-package tar:///home/dev/.npm/ldapjs/0.7.1/package
134 verbose lock tar:///home/dev/.npm/ldapjs/0.7.1/package /home/dev/.npm/7e933ea6-ome-dev-npm-ldapjs-0-7-1-package.lock
135 silly lockFile 53d314be-dev-npm-ldapjs-0-7-1-package-tgz tar:///home/dev/.npm/ldapjs/0.7.1/package.tgz
136 verbose lock tar:///home/dev/.npm/ldapjs/0.7.1/package.tgz /home/dev/.npm/53d314be-dev-npm-ldapjs-0-7-1-package-tgz.lock
137 silly gunzTarPerm modes [ '755', '644' ]
138 silly gunzTarPerm extractEntry package.json
139 silly gunzTarPerm extractEntry .npmignore
140 silly gunzTarPerm extractEntry README.md
141 silly gunzTarPerm extractEntry LICENSE
142 silly gunzTarPerm extractEntry .dir-locals.el
143 silly gunzTarPerm extractEntry .travis.yml
144 silly gunzTarPerm extractEntry bin/ldapjs-add
145 silly gunzTarPerm extractEntry bin/ldapjs-compare
146 silly gunzTarPerm extractEntry bin/ldapjs-delete
147 silly gunzTarPerm extractEntry bin/ldapjs-modify
148 silly gunzTarPerm extractEntry bin/ldapjs-search
149 silly gunzTarPerm extractEntry examples/inmemory.js
150 silly gunzTarPerm extractEntry examples/pooled_client.js
151 silly gunzTarPerm extractEntry examples/snoopldap.d
152 silly gunzTarPerm extractEntry lib/attribute.js
153 silly gunzTarPerm extractEntry lib/server.js
154 silly gunzTarPerm extractEntry lib/protocol.js
155 silly gunzTarPerm extractEntry lib/dn.js
156 silly gunzTarPerm extractEntry lib/dtrace.js
157 silly gunzTarPerm extractEntry lib/persistent_search.js
158 silly gunzTarPerm extractEntry lib/change.js
159 silly gunzTarPerm extractEntry lib/index.js
160 silly gunzTarPerm extractEntry lib/url.js
161 silly gunzTarPerm extractEntry lib/messages/abandon_request.js
162 silly gunzTarPerm extractEntry lib/messages/del_response.js
163 silly gunzTarPerm extractEntry lib/messages/ext_request.js
164 silly gunzTarPerm extractEntry lib/messages/ext_response.js
165 silly gunzTarPerm extractEntry lib/messages/index.js
166 silly gunzTarPerm extractEntry lib/messages/del_request.js
167 silly gunzTarPerm extractEntry lib/messages/moddn_request.js
168 silly gunzTarPerm extractEntry lib/messages/moddn_response.js
169 silly gunzTarPerm extractEntry lib/messages/modify_request.js
170 silly gunzTarPerm extractEntry lib/messages/modify_response.js
171 silly gunzTarPerm extractEntry lib/messages/parser.js
172 silly gunzTarPerm extractEntry lib/messages/compare_response.js
173 silly gunzTarPerm extractEntry lib/messages/result.js
174 silly gunzTarPerm extractEntry lib/messages/compare_request.js
175 silly gunzTarPerm extractEntry lib/messages/search_entry.js
176 silly gunzTarPerm extractEntry lib/messages/bind_response.js
177 silly gunzTarPerm extractEntry lib/messages/search_reference.js
178 silly gunzTarPerm extractEntry lib/messages/bind_request.js
179 silly gunzTarPerm extractEntry lib/messages/search_request.js
180 silly gunzTarPerm extractEntry lib/messages/add_response.js
181 silly gunzTarPerm extractEntry lib/messages/search_response.js
182 silly gunzTarPerm extractEntry lib/messages/add_request.js
183 silly gunzTarPerm extractEntry lib/messages/unbind_request.js
184 silly gunzTarPerm extractEntry lib/messages/abandon_response.js
185 silly gunzTarPerm extractEntry lib/messages/unbind_response.js
186 silly gunzTarPerm extractEntry lib/messages/message.js
187 silly gunzTarPerm extractEntry lib/errors/index.js
188 silly gunzTarPerm extractEntry lib/controls/control.js
189 silly gunzTarPerm extractEntry lib/controls/entry_change_notification_control.js
190 silly gunzTarPerm extractEntry lib/controls/index.js
191 silly gunzTarPerm extractEntry lib/controls/paged_results_control.js
192 silly gunzTarPerm extractEntry lib/controls/persistent_search_control.js
193 silly gunzTarPerm extractEntry lib/client/client.js
194 silly gunzTarPerm extractEntry lib/client/index.js
195 silly gunzTarPerm extractEntry lib/client/pool.js
196 silly gunzTarPerm extractEntry lib/filters/and_filter.js
197 silly gunzTarPerm extractEntry lib/filters/escape.js
198 silly gunzTarPerm extractEntry lib/filters/ext_filter.js
199 silly gunzTarPerm extractEntry lib/filters/filter.js
200 silly gunzTarPerm extractEntry lib/filters/equality_filter.js
201 silly gunzTarPerm extractEntry lib/filters/index.js
202 silly gunzTarPerm extractEntry lib/filters/le_filter.js
203 silly gunzTarPerm extractEntry lib/filters/not_filter.js
204 silly gunzTarPerm extractEntry lib/filters/or_filter.js
205 silly gunzTarPerm extractEntry lib/filters/presence_filter.js
206 silly gunzTarPerm extractEntry lib/filters/approx_filter.js
207 silly gunzTarPerm extractEntry lib/filters/substr_filter.js
208 silly gunzTarPerm extractEntry lib/filters/ge_filter.js
209 silly lockFile 7e933ea6-ome-dev-npm-ldapjs-0-7-1-package tar:///home/dev/.npm/ldapjs/0.7.1/package
210 silly lockFile 7e933ea6-ome-dev-npm-ldapjs-0-7-1-package tar:///home/dev/.npm/ldapjs/0.7.1/package
211 silly lockFile 53d314be-dev-npm-ldapjs-0-7-1-package-tgz tar:///home/dev/.npm/ldapjs/0.7.1/package.tgz
212 silly lockFile 53d314be-dev-npm-ldapjs-0-7-1-package-tgz tar:///home/dev/.npm/ldapjs/0.7.1/package.tgz
213 verbose chmod /home/dev/.npm/ldapjs/0.7.1/package.tgz 644
214 verbose chown /home/dev/.npm/ldapjs/0.7.1/package.tgz [ 1000, 1000 ]
215 silly lockFile e6720285-pmjs-org-ldapjs-ldapjs-0-7-1-tgz https://registry.npmjs.org/ldapjs/-/ldapjs-0.7.1.tgz
216 silly lockFile e6720285-pmjs-org-ldapjs-ldapjs-0-7-1-tgz https://registry.npmjs.org/ldapjs/-/ldapjs-0.7.1.tgz
217 silly lockFile 5b6c9a8d-ldapjs-0-7-1 ldapjs@0.7.1
218 silly lockFile 5b6c9a8d-ldapjs-0-7-1 ldapjs@0.7.1
219 silly lockFile 8c1a39b8-ldapjs ldapjs@
220 silly lockFile 8c1a39b8-ldapjs ldapjs@
221 silly resolved [ { author: { name: 'Mark Cavage', email: 'mcavage@gmail.com' },
221 silly resolved     contributors:
221 silly resolved      [ [Object],
221 silly resolved        [Object],
221 silly resolved        [Object],
221 silly resolved        [Object],
221 silly resolved        [Object],
221 silly resolved        [Object],
221 silly resolved        [Object],
221 silly resolved        [Object] ],
221 silly resolved     name: 'ldapjs',
221 silly resolved     homepage: 'http://ldapjs.org',
221 silly resolved     description: 'LDAP client and server APIs',
221 silly resolved     version: '0.7.1',
221 silly resolved     repository: { type: 'git', url: 'git://github.com/mcavage/node-ldapjs.git' },
221 silly resolved     main: 'lib/index.js',
221 silly resolved     directories: { bin: './bin', lib: './lib' },
221 silly resolved     engines: { node: '>=0.8' },
221 silly resolved     dependencies:
221 silly resolved      { asn1: '0.2.1',
221 silly resolved        'assert-plus': '0.1.5',
221 silly resolved        bunyan: '0.22.1',
221 silly resolved        nopt: '2.1.1',
221 silly resolved        pooling: '0.4.6',
221 silly resolved        'dtrace-provider': '0.2.8' },
221 silly resolved     optionalDependencies: { 'dtrace-provider': '0.2.8' },
221 silly resolved     devDependencies: { tap: '0.4.1', 'node-uuid': '1.4.0' },
221 silly resolved     scripts: { test: './node_modules/.bin/tap ./test' },
221 silly resolved     bin:
221 silly resolved      { 'ldapjs-add': 'bin/ldapjs-add',
221 silly resolved        'ldapjs-compare': 'bin/ldapjs-compare',
221 silly resolved        'ldapjs-delete': 'bin/ldapjs-delete',
221 silly resolved        'ldapjs-modify': 'bin/ldapjs-modify',
221 silly resolved        'ldapjs-search': 'bin/ldapjs-search' },
221 silly resolved     readme: '# Ldapjs\n\n[![\'Build status\'][travis_image_url]][travis_page_url]\n\n[travis_image_url]: https://api.travis-ci.org/mcavage/node-ldapjs.png\n[travis_page_url]: https://travis-ci.org/mcavage/node-ldapjs\n\nldapjs makes the LDAP protocol a first class citizen in Node.js.\n\n## Usage\n\nFor full docs, head on over to <http://ldapjs.org>.\n\n    var ldap = require(\'ldapjs\');\n\n    var server = ldap.createServer();\n\n    server.search(\'dc=example\', function(req, res, next) {\n      var obj = {\n        dn: req.dn.toString(),\n        attributes: {\n          objectclass: [\'organization\', \'top\'],\n              o: \'example\'\n        }\n      };\n\n      if (req.filter.matches(obj.attributes))\n        res.send(obj);\n\n      res.end();\n    });\n\n    server.listen(1389, function() {\n      console.log(\'ldapjs listening at \' + server.url);\n    });\n\nTo run that, assuming you\'ve got the [OpenLDAP](http://www.openldap.org/) client\non your system:\n\n    ldapsearch -H ldap://localhost:1389 -x -b dc=example objectclass=*\n\n## Installation\n\n    npm install ldapjs\n    \n## Formatting objectGUID attribute value\n\n    var ldap = require(\'ldapjs\');\n    \n    ldap.Attribute.settings.guid_format = ldap.GUID_FORMAT_B;\n    \n    var client = ldap.createClient({\n      url: \'ldap://127.0.0.1/CN=test,OU=Development,DC=Home\'\n    });\n    \n    var opts = {\n      filter: \'(objectclass=user)\',\n      scope: \'sub\',\n      attributes: [\'objectGUID\']\n    };\n    \n    client.bind(\'username\', \'password\', function (err) {\n      client.search(\'CN=test,OU=Development,DC=Home\', opts, function (err, search) {\n        search.on(\'searchEntry\', function (entry) {\n          var user = entry.object;\n          console.log(user.objectGUID);\n        });\n      });\n    });\n\n_Note: for the sake of simplicity all checks and error handling was removed from the sample above._\n\nThe console output may be similar to the following (depending on the amount of users in the directory):\n\n    {a7667bb1-4aee-48ce-9d9d-a1193550deba}\n    {8d642ac8-14c6-4f27-ac5-94d39833da88}\n    \nAvailable formatting modes:\n\n    GUID_FORMAT_N\n        N specifier, 32 digits:\n        00000000000000000000000000000000\n    GUID_FORMAT_D\n        D specifier, 32 digits separated by hypens:\n        00000000-0000-0000-0000-000000000000\n    GUID_FORMAT_B\n        B specifier, 32 digits separated by hyphens, enclosed in braces:\n        {00000000-0000-0000-0000-000000000000}\n    GUID_FORMAT_P\n        P speficier, 32 digits separated by hyphens, enclosed in parentheses:\n        (00000000-0000-0000-0000-000000000000)\n    GUID_FORMAT_X\n        X speficier, four hexadecimal values enclosed in braces,\n        where the fourth value is a subset of eight hexadecimal values that is also enclosed in braces:\n        {0x00000000,0x0000,0x0000,{0x00,0x00,0x00,0x00,0x00,0x00,0x00,0x00}}\n\nGuid formatting is unobtrusive by default. You should explicitly define formatting mode in order to enable it. \n\n## License\n\nMIT.\n\n## Bugs\n\nSee <https://github.com/mcavage/node-ldapjs/issues>.\n',
221 silly resolved     readmeFilename: 'README.md',
221 silly resolved     bugs: { url: 'https://github.com/mcavage/node-ldapjs/issues' },
221 silly resolved     _id: 'ldapjs@0.7.1',
221 silly resolved     dist: { shasum: '21176c29de3546a969b70111b48d8b01193e6b1e' },
221 silly resolved     _from: 'ldapjs@',
221 silly resolved     _resolved: 'https://registry.npmjs.org/ldapjs/-/ldapjs-0.7.1.tgz' } ]
222 info install ldapjs@0.7.1 into /usr/local/lib
223 info installOne ldapjs@0.7.1
224 info /usr/local/lib/node_modules/ldapjs unbuild
225 verbose tar unpack /home/dev/.npm/ldapjs/0.7.1/package.tgz
226 silly lockFile 73bd2d2b-sr-local-lib-node-modules-ldapjs tar:///usr/local/lib/node_modules/ldapjs
227 verbose lock tar:///usr/local/lib/node_modules/ldapjs /home/dev/.npm/73bd2d2b-sr-local-lib-node-modules-ldapjs.lock
228 silly lockFile 53d314be-dev-npm-ldapjs-0-7-1-package-tgz tar:///home/dev/.npm/ldapjs/0.7.1/package.tgz
229 verbose lock tar:///home/dev/.npm/ldapjs/0.7.1/package.tgz /home/dev/.npm/53d314be-dev-npm-ldapjs-0-7-1-package-tgz.lock
230 silly gunzTarPerm modes [ '755', '644' ]
231 error Error: EACCES, mkdir '/usr/local/lib/node_modules/ldapjs'
231 error  { [Error: EACCES, mkdir '/usr/local/lib/node_modules/ldapjs']
231 error   errno: 3,
231 error   code: 'EACCES',
231 error   path: '/usr/local/lib/node_modules/ldapjs',
231 error   fstream_type: 'Directory',
231 error   fstream_path: '/usr/local/lib/node_modules/ldapjs',
231 error   fstream_class: 'DirWriter',
231 error   fstream_stack:
231 error    [ '/usr/lib/nodejs/fstream/lib/dir-writer.js:36:23',
231 error      '/usr/lib/nodejs/mkdirp/index.js:37:53',
231 error      'Object.oncomplete (fs.js:107:15)' ] }
232 error Please try running this command again as root/Administrator.
233 error System Linux 3.13.0-24-generic
234 error command "/usr/bin/nodejs" "/usr/bin/npm" "install" "-g" "ldapjs"
235 error cwd /home/dev/flowsim
236 error node -v v0.10.25
237 error npm -v 1.3.10
238 error path /usr/local/lib/node_modules/ldapjs
239 error fstream_path /usr/local/lib/node_modules/ldapjs
240 error fstream_type Directory
241 error fstream_class DirWriter
242 error code EACCES
243 error errno 3
244 error stack Error: EACCES, mkdir '/usr/local/lib/node_modules/ldapjs'
245 error fstream_stack /usr/lib/nodejs/fstream/lib/dir-writer.js:36:23
245 error fstream_stack /usr/lib/nodejs/mkdirp/index.js:37:53
245 error fstream_stack Object.oncomplete (fs.js:107:15)
246 verbose exit [ 3, true ]
